<?xml version="1.0" encoding="UTF-8"?>
<testng-results ignored="0" total="1" passed="1" failed="0" skipped="0">
  <reporter-output>
  </reporter-output>
  <suite started-at="2020-08-16T17:04:00 IST" name="Default suite" finished-at="2020-08-16T17:04:23 IST" duration-ms="23119">
    <groups>
    </groups>
    <test started-at="2020-08-16T17:04:00 IST" name="Default test" finished-at="2020-08-16T17:04:23 IST" duration-ms="23119">
      <class name="com.inetBanking.testCases.TC_LoginTest_001">
        <test-method is-config="true" signature="setup()[pri:0, instance:com.inetBanking.testCases.TC_LoginTest_001@6193932a]" started-at="2020-08-16T17:04:00 IST" name="setup" finished-at="2020-08-16T17:04:07 IST" duration-ms="6977" status="PASS">
          <reporter-output>
          </reporter-output>
        </test-method> <!-- setup -->
        <test-method signature="loginTest()[pri:0, instance:com.inetBanking.testCases.TC_LoginTest_001@6193932a]" started-at="2020-08-16T17:04:07 IST" name="loginTest" finished-at="2020-08-16T17:04:22 IST" duration-ms="15067" status="PASS">
          <reporter-output>
          </reporter-output>
        </test-method> <!-- loginTest -->
        <test-method is-config="true" signature="tearDown()[pri:0, instance:com.inetBanking.testCases.TC_LoginTest_001@6193932a]" started-at="2020-08-16T17:04:22 IST" name="tearDown" finished-at="2020-08-16T17:04:23 IST" duration-ms="973" status="PASS">
          <reporter-output>
          </reporter-output>
        </test-method> <!-- tearDown -->
      </class> <!-- com.inetBanking.testCases.TC_LoginTest_001 -->
    </test> <!-- Default test -->
  </suite> <!-- Default suite -->
</testng-results>
